<?xml version="1.0" encoding="UTF-8"?>
<!-- Generated by org.testng.reporters.JUnitXMLReporter -->
<testsuite ignored="0" hostname="DESKTOP-S9FETG5" failures="0" tests="3" name="Debit/Credtcards" time="0.09" errors="0" timestamp="2024-04-07T08:49:57 GMT-04:00">
  <testcase classname="TestNGFramewok2.Classone" name="classoneThree" time="0.015"/>
  <testcase classname="TestNGFramewok2.Classone" name="classoneone" time="0.002"/>
  <testcase classname="TestNGFramewok2.Classone" name="classonetwo" time="0.001"/>
</testsuite> <!-- Debit/Credtcards -->
