<?xml version="1.0" encoding="UTF-8"?>
<!-- Generated by org.testng.reporters.JUnitXMLReporter -->
<testsuite ignored="0" hostname="DESKTOP-S9FETG5" failures="3" tests="8" name="Netbanking" time="6.966" errors="0" timestamp="2024-04-07T08:26:21 GMT-04:00">
  <testcase classname="TestNGFramewok.TestngPriority" name="Registration" time="0.009"/>
  <testcase classname="TestNGFramewok.TestngPriority" name="Login" time="0.004"/>
  <testcase classname="TestNGFramewok.TestngPriority" name="Homepage" time="0.008"/>
  <testcase classname="TestNGFramewok.TestNG" name="assertMethods" time="0.011">
    <failure type="java.lang.AssertionError" message="Age can not be less than 18">
      <![CDATA[java.lang.AssertionError: Age can not be less than 18
at TestNGFramewok.TestNG.assertMethods(TestNG.java:74)
at java.base/java.util.ArrayList.forEach(ArrayList.java:1511)
... Removed 26 stack frames]]>
    </failure>
  </testcase> <!-- assertMethods -->
  <testcase classname="TestNGFramewok.TestNG" name="fail" time="0.009">
    <failure type="java.lang.ArithmeticException" message="/ by zero">
      <![CDATA[java.lang.ArithmeticException: / by zero
at TestNGFramewok.TestNG.fail(TestNG.java:38)
at java.base/java.util.ArrayList.forEach(ArrayList.java:1511)
... Removed 25 stack frames]]>
    </failure>
  </testcase> <!-- fail -->
  <testcase classname="TestNGFramewok.TestNG" name="manuallyexception" time="0.006">
    <failure type="java.lang.Exception" message="Age cannot be less than 18">
      <![CDATA[java.lang.Exception: Age cannot be less than 18
at TestNGFramewok.TestNG.manuallyexception(TestNG.java:46)
at java.base/java.util.ArrayList.forEach(ArrayList.java:1511)
... Removed 25 stack frames]]>
    </failure>
  </testcase> <!-- manuallyexception -->
  <testcase classname="TestNGFramewok.TestNG" name="sample" time="6.766"/>
  <testcase classname="TestNGFramewok.TestNG" name="skipTC" time="0.002">
    <skipped/>
  </testcase> <!-- skipTC -->
</testsuite> <!-- Netbanking -->
