<?xml version="1.0" encoding="UTF-8"?>
<testng-results ignored="0" total="1" passed="1" failed="0" skipped="0">
  <reporter-output>
  </reporter-output>
  <suite started-at="2024-06-01T01:46:08 GMT-04:00" name="Suite" finished-at="2024-06-01T01:46:16 GMT-04:00" duration-ms="8497">
    <groups>
      <group name="cucumber">
        <method signature="AbstractTestNGCucumberTests.runScenario(io.cucumber.testng.PickleWrapper,io.cucumber.testng.FeatureWrapper)[pri:0, instance:Cucumberpckg.TestNGRunner@75d4a5c2]" name="runScenario" class="io.cucumber.testng.AbstractTestNGCucumberTests"/>
      </group> <!-- cucumber -->
    </groups>
    <test started-at="2024-06-01T01:46:08 GMT-04:00" name="Test" finished-at="2024-06-01T01:46:16 GMT-04:00" duration-ms="8497">
      <class name="Cucumberpckg.TestNGRunner">
        <test-method is-config="true" signature="setUpClass(org.testng.ITestContext)[pri:0, instance:Cucumberpckg.TestNGRunner@75d4a5c2]" started-at="2024-06-01T01:46:08 GMT-04:00" name="setUpClass" finished-at="2024-06-01T01:46:08 GMT-04:00" duration-ms="431" status="PASS">
          <params>
            <param index="0">
              <value>
                <![CDATA[org.testng.TestRunner@10c2064a]]>
              </value>
            </param>
          </params>
          <reporter-output>
          </reporter-output>
        </test-method> <!-- setUpClass -->
        <test-method signature="runScenario(io.cucumber.testng.PickleWrapper,io.cucumber.testng.FeatureWrapper)[pri:0, instance:Cucumberpckg.TestNGRunner@75d4a5c2]" started-at="2024-06-01T01:46:08 GMT-04:00" name="runScenario" description="Runs Cucumber Scenarios" data-provider="scenarios" finished-at="2024-06-01T01:46:16 GMT-04:00" duration-ms="7982" status="PASS">
          <params>
            <param index="0">
              <value>
                <![CDATA["Login to the application with vallid credentials"]]>
              </value>
            </param>
            <param index="1">
              <value>
                <![CDATA["Login into Tutorials Ninja application"]]>
              </value>
            </param>
          </params>
          <reporter-output>
          </reporter-output>
        </test-method> <!-- runScenario -->
        <test-method is-config="true" signature="tearDownClass()[pri:0, instance:Cucumberpckg.TestNGRunner@75d4a5c2]" started-at="2024-06-01T01:46:16 GMT-04:00" name="tearDownClass" finished-at="2024-06-01T01:46:16 GMT-04:00" duration-ms="8" status="PASS">
          <reporter-output>
          </reporter-output>
        </test-method> <!-- tearDownClass -->
      </class> <!-- Cucumberpckg.TestNGRunner -->
    </test> <!-- Test -->
  </suite> <!-- Suite -->
</testng-results>
