<?xml version="1.0" encoding="UTF-8"?>
<testng-results ignored="0" total="5" passed="5" failed="0" skipped="0">
  <reporter-output>
  </reporter-output>
  <suite started-at="2024-06-09T02:00:52 GMT-04:00" name="Suite" finished-at="2024-06-09T02:01:38 GMT-04:00" duration-ms="46450">
    <groups>
    </groups>
    <test started-at="2024-06-09T02:00:52 GMT-04:00" name="TestTwo" finished-at="2024-06-09T02:01:18 GMT-04:00" duration-ms="26225">
      <class name="LiveProjects.TestTwo">
        <test-method signature="two()[pri:0, instance:LiveProjects.TestTwo@4c2bb6e0]" started-at="2024-06-09T02:00:52 GMT-04:00" name="two" finished-at="2024-06-09T02:01:18 GMT-04:00" duration-ms="26142" status="PASS">
          <reporter-output>
          </reporter-output>
        </test-method> <!-- two -->
      </class> <!-- LiveProjects.TestTwo -->
    </test> <!-- TestTwo -->
    <test started-at="2024-06-09T02:00:52 GMT-04:00" name="TestFour" finished-at="2024-06-09T02:01:19 GMT-04:00" duration-ms="27094">
      <class name="LiveProjects.TestFour">
        <test-method signature="Four()[pri:0, instance:LiveProjects.TestFour@3f1d2e23]" started-at="2024-06-09T02:00:52 GMT-04:00" name="Four" finished-at="2024-06-09T02:01:19 GMT-04:00" duration-ms="27026" status="PASS">
          <reporter-output>
          </reporter-output>
        </test-method> <!-- Four -->
      </class> <!-- LiveProjects.TestFour -->
    </test> <!-- TestFour -->
    <test started-at="2024-06-09T02:00:52 GMT-04:00" name="TestThree" finished-at="2024-06-09T02:01:20 GMT-04:00" duration-ms="27764">
      <class name="LiveProjects.TestThreee">
        <test-method signature="Tree()[pri:0, instance:LiveProjects.TestThreee@34129c78]" started-at="2024-06-09T02:00:52 GMT-04:00" name="Tree" finished-at="2024-06-09T02:01:20 GMT-04:00" duration-ms="27687" status="PASS">
          <reporter-output>
          </reporter-output>
        </test-method> <!-- Tree -->
      </class> <!-- LiveProjects.TestThreee -->
    </test> <!-- TestThree -->
    <test started-at="2024-06-09T02:00:52 GMT-04:00" name="LoginTest" finished-at="2024-06-09T02:01:38 GMT-04:00" duration-ms="46450">
      <class name="LiveProjects.LoginTest">
        <test-method is-config="true" signature="openBrowser()[pri:0, instance:LiveProjects.LoginTest@626abbd0]" started-at="2024-06-09T02:00:54 GMT-04:00" name="openBrowser" finished-at="2024-06-09T02:01:08 GMT-04:00" duration-ms="14031" status="PASS">
          <reporter-output>
          </reporter-output>
        </test-method> <!-- openBrowser -->
        <test-method signature="login(java.lang.String,java.lang.String,java.lang.String)[pri:0, instance:LiveProjects.LoginTest@626abbd0]" started-at="2024-06-09T02:01:08 GMT-04:00" name="login" data-provider="getLogindata" finished-at="2024-06-09T02:01:21 GMT-04:00" duration-ms="13244" status="PASS">
          <params>
            <param index="0">
              <value>
                <![CDATA[dipalimetkari84@gmail.com]]>
              </value>
            </param>
            <param index="1">
              <value>
                <![CDATA[Dipali@123]]>
              </value>
            </param>
            <param index="2">
              <value>
                <![CDATA[Successful]]>
              </value>
            </param>
          </params>
          <reporter-output>
          </reporter-output>
        </test-method> <!-- login -->
        <test-method is-config="true" signature="closure()[pri:0, instance:LiveProjects.LoginTest@626abbd0]" started-at="2024-06-09T02:01:21 GMT-04:00" name="closure" finished-at="2024-06-09T02:01:22 GMT-04:00" duration-ms="537" status="PASS">
          <reporter-output>
          </reporter-output>
        </test-method> <!-- closure -->
        <test-method is-config="true" signature="openBrowser()[pri:0, instance:LiveProjects.LoginTest@626abbd0]" started-at="2024-06-09T02:01:22 GMT-04:00" name="openBrowser" finished-at="2024-06-09T02:01:25 GMT-04:00" duration-ms="2759" status="PASS">
          <reporter-output>
          </reporter-output>
        </test-method> <!-- openBrowser -->
        <test-method signature="login(java.lang.String,java.lang.String,java.lang.String)[pri:0, instance:LiveProjects.LoginTest@626abbd0]" started-at="2024-06-09T02:01:25 GMT-04:00" name="login" data-provider="getLogindata" finished-at="2024-06-09T02:01:38 GMT-04:00" duration-ms="13566" status="PASS">
          <params>
            <param index="0">
              <value>
                <![CDATA[dummy@vmail.in]]>
              </value>
            </param>
            <param index="1">
              <value>
                <![CDATA[dummy]]>
              </value>
            </param>
            <param index="2">
              <value>
                <![CDATA[Failure]]>
              </value>
            </param>
          </params>
          <reporter-output>
          </reporter-output>
        </test-method> <!-- login -->
        <test-method is-config="true" signature="closure()[pri:0, instance:LiveProjects.LoginTest@626abbd0]" started-at="2024-06-09T02:01:38 GMT-04:00" name="closure" finished-at="2024-06-09T02:01:38 GMT-04:00" duration-ms="231" status="PASS">
          <reporter-output>
          </reporter-output>
        </test-method> <!-- closure -->
      </class> <!-- LiveProjects.LoginTest -->
    </test> <!-- LoginTest -->
  </suite> <!-- Suite -->
</testng-results>
